<?xml version="1.0" encoding="UTF-8"?>
<!-- Generated by org.testng.reporters.JUnitXMLReporter -->
<testsuite ignored="0" hostname="PC-f7ad11" failures="0" tests="4" name="Test" time="14.345" errors="0" timestamp="2022-11-23T13:56:27 IST">
  <testcase classname="com.actitime.customer.Createcustomer" name="createcustomer" time="0.009"/>
  <testcase classname="com.actitime.customer.Createcustomer" name="createcustomer" time="0.001"/>
  <testcase classname="com.actitime.customer.Createcustomer" name="createcustomer" time="0.001"/>
  <testcase classname="com.actitime.customer.Createcustomer" name="createcustomer" time="0.003"/>
</testsuite> <!-- Test -->
